d:\ae\file exchange projects_v12.1\channel_notching_in_cr_v12.1\channel_notching_workspace\bin\bin_x64\application.lib
d:\ae\file exchange projects_v12.1\channel_notching_in_cr_v12.1\channel_notching_workspace\bin\bin_x64\application.exp
d:\ae\file exchange projects_v12.1\channel_notching_in_cr_v12.1\channel_notching_workspace\src\simulation\application\x64\debug\vc142.pdb
d:\ae\file exchange projects_v12.1\channel_notching_in_cr_v12.1\channel_notching_workspace\src\simulation\application\x64\debug\vc142.idb
d:\ae\file exchange projects_v12.1\channel_notching_in_cr_v12.1\channel_notching_workspace\src\simulation\application\x64\debug\randomnumber.obj
d:\ae\file exchange projects_v12.1\channel_notching_in_cr_v12.1\channel_notching_workspace\src\simulation\application\x64\debug\multicast.obj
d:\ae\file exchange projects_v12.1\channel_notching_in_cr_v12.1\channel_notching_workspace\src\simulation\application\x64\debug\encryption.obj
d:\ae\file exchange projects_v12.1\channel_notching_in_cr_v12.1\channel_notching_workspace\src\simulation\application\x64\debug\emulation_application.obj
d:\ae\file exchange projects_v12.1\channel_notching_in_cr_v12.1\channel_notching_workspace\src\simulation\application\x64\debug\distribution.obj
d:\ae\file exchange projects_v12.1\channel_notching_in_cr_v12.1\channel_notching_workspace\src\simulation\application\x64\debug\des_run.obj
d:\ae\file exchange projects_v12.1\channel_notching_in_cr_v12.1\channel_notching_workspace\src\simulation\application\x64\debug\des.obj
d:\ae\file exchange projects_v12.1\channel_notching_in_cr_v12.1\channel_notching_workspace\src\simulation\application\x64\debug\database_ftp_custom.obj
d:\ae\file exchange projects_v12.1\channel_notching_in_cr_v12.1\channel_notching_workspace\src\simulation\application\x64\debug\coap.obj
d:\ae\file exchange projects_v12.1\channel_notching_in_cr_v12.1\channel_notching_workspace\src\simulation\application\x64\debug\bsm.obj
d:\ae\file exchange projects_v12.1\channel_notching_in_cr_v12.1\channel_notching_workspace\src\simulation\application\x64\debug\app_out.obj
d:\ae\file exchange projects_v12.1\channel_notching_in_cr_v12.1\channel_notching_workspace\src\simulation\application\x64\debug\application.obj
d:\ae\file exchange projects_v12.1\channel_notching_in_cr_v12.1\channel_notching_workspace\src\simulation\application\x64\debug\aes_run.obj
d:\ae\file exchange projects_v12.1\channel_notching_in_cr_v12.1\channel_notching_workspace\src\simulation\application\x64\debug\aes.obj
d:\ae\file exchange projects_v12.1\channel_notching_in_cr_v12.1\channel_notching_workspace\bin\bin_x64\libapplication.dll
d:\ae\file exchange projects_v12.1\channel_notching_in_cr_v12.1\channel_notching_workspace\bin\bin_x64\application.pdb
d:\ae\file exchange projects_v12.1\channel_notching_in_cr_v12.1\channel_notching_workspace\src\simulation\application\x64\debug\application.tlog\application.write.1u.tlog
d:\ae\file exchange projects_v12.1\channel_notching_in_cr_v12.1\channel_notching_workspace\src\simulation\application\x64\debug\application.tlog\cl.command.1.tlog
d:\ae\file exchange projects_v12.1\channel_notching_in_cr_v12.1\channel_notching_workspace\src\simulation\application\x64\debug\application.tlog\cl.read.1.tlog
d:\ae\file exchange projects_v12.1\channel_notching_in_cr_v12.1\channel_notching_workspace\src\simulation\application\x64\debug\application.tlog\cl.write.1.tlog
d:\ae\file exchange projects_v12.1\channel_notching_in_cr_v12.1\channel_notching_workspace\src\simulation\application\x64\debug\application.tlog\link.command.1.tlog
d:\ae\file exchange projects_v12.1\channel_notching_in_cr_v12.1\channel_notching_workspace\src\simulation\application\x64\debug\application.tlog\link.read.1.tlog
d:\ae\file exchange projects_v12.1\channel_notching_in_cr_v12.1\channel_notching_workspace\src\simulation\application\x64\debug\application.tlog\link.write.1.tlog
